<?xml version="1.0" encoding="UTF-8"?>
<!-- Generated by org.testng.reporters.JUnitReportReporter -->
<testsuite name="testCases.TCS_001" tests="1" time="4.093" ignored="0" failures="0" timestamp="07 Mar 2019 06:32:49 GMT" skipped="0" hostname="Krishnas-MacBook-Pro.local" errors="0">
  <testcase name="testcases01" time="4.093" classname="testCases.TCS_001"/>
</testsuite> <!-- testCases.TCS_001 -->
