<?xml version="1.0" encoding="UTF-8"?>
<!-- Generated by org.testng.reporters.JUnitReportReporter -->
<testsuite name="testCases.TCS_002" tests="1" time="3.889" ignored="0" failures="0" timestamp="06 Mar 2019 01:43:53 GMT" skipped="0" hostname="Krishnas-MacBook-Pro.local" errors="0">
  <testcase name="testcases01" time="3.889" classname="testCases.TCS_002"/>
</testsuite> <!-- testCases.TCS_002 -->
